0 info it worked if it ends with ok
1 verbose cli [ '/usr/local/node/node-v0.10.32/bin/node',
1 verbose cli   '/usr/local/node/node-default/bin/npm',
1 verbose cli   'run',
1 verbose cli   'build' ]
2 info using npm@1.4.28
3 info using node@v0.10.32
4 error Error: ENOENT, open '/home/vagrant/my_docs/twitter_clone/package.json'
5 error If you need help, you may report this *entire* log,
5 error including the npm and node versions, at:
5 error     <http://github.com/npm/npm/issues>
6 error System Linux 3.13.0-52-generic
7 error command "/usr/local/node/node-v0.10.32/bin/node" "/usr/local/node/node-default/bin/npm" "run" "build"
8 error cwd /home/vagrant/my_docs/twitter_clone
9 error node -v v0.10.32
10 error npm -v 1.4.28
11 error path /home/vagrant/my_docs/twitter_clone/package.json
12 error code ENOENT
13 error errno 34
14 verbose exit [ 34, true ]
